0 info it worked if it ends with ok
1 verbose cli [ 'C:\\Program Files\\nodejs\\node.exe',
1 verbose cli   'C:\\Program Files\\nodejs\\node_modules\\npm\\bin\\npm-cli.js',
1 verbose cli   'run',
1 verbose cli   'commit' ]
2 info using npm@3.10.3
3 info using node@v6.6.0
4 verbose run-script [ 'precommit', 'commit', 'postcommit' ]
5 info lifecycle upstar_music@1.0.0~precommit: upstar_music@1.0.0
6 silly lifecycle upstar_music@1.0.0~precommit: no script for precommit, continuing
7 info lifecycle upstar_music@1.0.0~commit: upstar_music@1.0.0
8 verbose lifecycle upstar_music@1.0.0~commit: unsafe-perm in lifecycle true
9 verbose lifecycle upstar_music@1.0.0~commit: PATH: C:\Program Files\nodejs\node_modules\npm\bin\node-gyp-bin;C:\1-LIOR\Projects\Web\Webpack2Course\WebpackProject\node_modules\.bin;C:\Program Files\nodejs;C:\Program Files (x86)\NVIDIA Corporation\PhysX\Common;C:\ProgramData\Oracle\Java\javapath;C:\Windows\system32;C:\Windows;C:\Windows\System32\Wbem;C:\Windows\System32\WindowsPowerShell\v1.0\;C:\1-LIOR\XAMPP\mysql\bin;C:\Program Files\TortoiseSVN\bin;c:\ffmpeg\bin;C:\Program Files (x86)\QuickTime\QTSystem\;C:\Program Files (x86)\Skype\Phone\;C:\Program Files\nodejs\;C:\Python27;C:\Python27\Lib;C:\Python27\DLLs;C:\Python27\Lib\lib-tk;C:\Program Files (x86)\GtkSharp\2.12\bin;C:\Program Files\Git\cmd;C:\cocos2d\cocos2d-x-3.14.1\templates;C:\cocos2d\cocos2d-x-3.14.1\tools\cocos2d-console\bin;C:\Users\lior\AppData\Local\atom\bin;C:\Users\lior\AppData\Roaming\npm;C:\LIBS\curl;C:\Users\lior\AppData\Roaming\Dashlane\4.6.6.23032\bin\Firefox_Extension\{442718d9-475e-452a-b3e1-fb1ee16b8e9f}\components;C:\apache-ant\bin
10 verbose lifecycle upstar_music@1.0.0~commit: CWD: C:\1-LIOR\Projects\Web\Webpack2Course\WebpackProject
11 silly lifecycle upstar_music@1.0.0~commit: Args: [ '/d /s /c', 'git add * && git commit -a && git commit' ]
12 silly lifecycle upstar_music@1.0.0~commit: Returned: code: 1  signal: null
13 info lifecycle upstar_music@1.0.0~commit: Failed to exec commit script
14 verbose stack Error: upstar_music@1.0.0 commit: `git add * && git commit -a && git commit`
14 verbose stack Exit status 1
14 verbose stack     at EventEmitter.<anonymous> (C:\Program Files\nodejs\node_modules\npm\lib\utils\lifecycle.js:242:16)
14 verbose stack     at emitTwo (events.js:106:13)
14 verbose stack     at EventEmitter.emit (events.js:191:7)
14 verbose stack     at ChildProcess.<anonymous> (C:\Program Files\nodejs\node_modules\npm\lib\utils\spawn.js:40:14)
14 verbose stack     at emitTwo (events.js:106:13)
14 verbose stack     at ChildProcess.emit (events.js:191:7)
14 verbose stack     at maybeClose (internal/child_process.js:877:16)
14 verbose stack     at Process.ChildProcess._handle.onexit (internal/child_process.js:226:5)
15 verbose pkgid upstar_music@1.0.0
16 verbose cwd C:\1-LIOR\Projects\Web\Webpack2Course\WebpackProject
17 error Windows_NT 6.1.7601
18 error argv "C:\\Program Files\\nodejs\\node.exe" "C:\\Program Files\\nodejs\\node_modules\\npm\\bin\\npm-cli.js" "run" "commit"
19 error node v6.6.0
20 error npm  v3.10.3
21 error code ELIFECYCLE
22 error upstar_music@1.0.0 commit: `git add * && git commit -a && git commit`
22 error Exit status 1
23 error Failed at the upstar_music@1.0.0 commit script 'git add * && git commit -a && git commit'.
23 error Make sure you have the latest version of node.js and npm installed.
23 error If you do, this is most likely a problem with the upstar_music package,
23 error not with npm itself.
23 error Tell the author that this fails on your system:
23 error     git add * && git commit -a && git commit
23 error You can get information on how to open an issue for this project with:
23 error     npm bugs upstar_music
23 error Or if that isn't available, you can get their info via:
23 error     npm owner ls upstar_music
23 error There is likely additional logging output above.
24 verbose exit [ 1, true ]
